0 info it worked if it ends with ok
1 verbose cli [ 'node', '/usr/local/bin/npm', 'publish', './' ]
2 info using npm@2.12.1
3 info using node@v0.12.6
4 verbose publish [ './' ]
5 silly cache add args [ './', null ]
6 verbose cache add spec ./
7 silly cache add parsed spec { raw: './',
7 silly cache add   scope: null,
7 silly cache add   name: null,
7 silly cache add   rawSpec: './',
7 silly cache add   spec: '/Users/guillaume/muse',
7 silly cache add   type: 'directory' }
8 verbose addLocalDirectory /Users/guillaume/.npm/musejs/1.0.1/package.tgz not in flight; packing
9 verbose tar pack [ '/Users/guillaume/.npm/musejs/1.0.1/package.tgz',
9 verbose tar pack   '/Users/guillaume/muse' ]
10 verbose tarball /Users/guillaume/.npm/musejs/1.0.1/package.tgz
11 verbose folder /Users/guillaume/muse
12 info prepublish musejs@1.0.1
13 verbose addLocalTarball adding from inside cache /Users/guillaume/.npm/musejs/1.0.1/package.tgz
14 silly cache afterAdd musejs@1.0.1
15 verbose afterAdd /Users/guillaume/.npm/musejs/1.0.1/package/package.json not in flight; writing
16 verbose afterAdd /Users/guillaume/.npm/musejs/1.0.1/package/package.json written
17 silly publish { name: 'musejs',
17 silly publish   version: '1.0.1',
17 silly publish   description: '![](/assets/logo.png)',
17 silly publish   main: 'dist/muse.js',
17 silly publish   scripts: { test: 'gulp' },
17 silly publish   repository:
17 silly publish    { type: 'git',
17 silly publish      url: 'git+https://github.com/GuillaumeBadi/Muse.git' },
17 silly publish   author:
17 silly publish    { name: 'Guillaume Badi',
17 silly publish      email: 'gbadi@mailjet.com',
17 silly publish      url: 'https://github.com/GuillaumeBadi' },
17 silly publish   license: 'MIT',
17 silly publish   bugs: { url: 'https://github.com/GuillaumeBadi/Muse/issues' },
17 silly publish   homepage: 'https://github.com/GuillaumeBadi/Muse#readme',
17 silly publish   devDependencies:
17 silly publish    { gulp: '^3.9.0',
17 silly publish      'babel-preset-es2015': '^6.1.4',
17 silly publish      'gulp-babel': '^6.1.0',
17 silly publish      'gulp-sourcemaps': '^1.6.0',
17 silly publish      mocha: '^2.3.4' },
17 silly publish   readme: '## Muse\n\n![](/assets/logo.png)\n\n\n![MIT License](https://img.shields.io/badge/license-MIT-007EC7.svg?style=flat-square)\n![Current Version](https://img.shields.io/badge/version-0.0.1-green.svg)\n\n\n## Getting started\n\n``` javascript\n\nimport {\n  map,\n  filter,\n  defn,\n  ...\n} from \'muse\';\n\n```\n\n## API\n\n### `map`\n\nHigher order `map`\n\n``` javascript\n\nmap([1, 2, 3, 4], i => i + 1)\n// => [2, 3, 4, 5]\n\n```\n\n### `filter`\n\nHigher order `filter`\n\n``` javascript\n\nfilter([1, \'hey\', \'3\', 4], !isNaN);\n// => [1, 3, 4]\n\n```\n\n### `reduce`\n\nHigher order `reduce`\n\n``` javascript\n\nreduce([1, 2, 3, 4], (i, j) => i + j);\n// => 10\n\n```\n\n### `forEach`\n\nHigher order `forEach`\n\n``` javascript\n\nforEach([1, 2, 3, 4], i => console.log (i))\n// => 1\n// => 2\n// => 3\n// => 4\n\n```\n\n### `defn`\n\nDefine a polyvariadic function and returns a function that select the action to use depending on the number of parameters passed.\n\n``` javascript\n\nexport const inc = defn(\n  (value) => inc(value, 1),\n  (value, step) => value + 1\n);\n\ninc(2);\ninc(3, 2)\n\n// => 3\n// => 5\n\n```\n\n### `complement`\n\nNegates a function\n\n``` javascript\n\nlet isNumber = complement(isNaN);\nisNumber(1)\n// => true\n\n```\n\n### `range`\n\nYields a range from `min` to `max` by `step`\n\n``` javascript\n\n[...range(0, 10)]\n// => [0, 1, 2, 3, 4, 5, 6, 7, 8, 9, 10]\n\n```\n\n### `times`\n\nPerforms an action n times\n\n``` javascript\n\ntimes(3, () => console.log (\'Hello\'))\n// => Hello\n// => Hello\n// => Hello\n\n```\n\n### `flatten`\n\nFlatten an array\n\n``` javascript\n\nflatten([1, 2, 3, [4, [5, [6, [7, [8, 9]]]]]])\n// => [1, 2, 3, 4, 5, 6, 7, 8, 9]\n\n```\n\n### `partial`\n\nTake a function fn and an array of args with empty spaces\nand returns a partial function `g` that take a single arg\n\n``` javascript\n\nlet rgb = (r, g, b) => [r, g, b];\nlet varyGreen = partial(rgb, 4, null, 5);\n\nvaryGreen(4)\n// => rgb(4, 4, 5);\n\n```\n',
17 silly publish   readmeFilename: 'README.md',
17 silly publish   gitHead: '8fb2db6e85560701a64afd3bd2173877177ce4d7',
17 silly publish   _id: 'musejs@1.0.1',
17 silly publish   _shasum: '179bc6dc1f9d875f76d6c90041096616d2923126',
17 silly publish   _from: '.' }
18 verbose getPublishConfig undefined
19 silly mapToRegistry name musejs
20 silly mapToRegistry using default registry
21 silly mapToRegistry registry https://registry.npmjs.org/
22 silly mapToRegistry uri https://registry.npmjs.org/musejs
23 verbose publish registryBase https://registry.npmjs.org/
24 silly publish uploading /Users/guillaume/.npm/musejs/1.0.1/package.tgz
25 verbose request uri https://registry.npmjs.org/musejs
26 verbose request sending authorization for write operation
27 info attempt registry request try #1 at 3:12:30 PM
28 verbose request using bearer token for auth
29 verbose request id 2ff0c1ac455f2c04
30 http request PUT https://registry.npmjs.org/musejs
31 http 403 https://registry.npmjs.org/musejs
32 verbose headers { 'content-type': 'application/json',
32 verbose headers   'cache-control': 'max-age=60',
32 verbose headers   'content-length': '95',
32 verbose headers   'accept-ranges': 'bytes',
32 verbose headers   date: 'Tue, 17 Nov 2015 14:12:30 GMT',
32 verbose headers   via: '1.1 varnish',
32 verbose headers   connection: 'keep-alive',
32 verbose headers   'x-served-by': 'cache-fra1234-FRA',
32 verbose headers   'x-cache': 'MISS',
32 verbose headers   'x-cache-hits': '0',
32 verbose headers   'x-timer': 'S1447769549.615916,VS0,VE1123' }
33 verbose request invalidating /Users/guillaume/.npm/registry.npmjs.org/musejs on PUT
34 error publish Failed PUT 403
35 verbose stack Error: "You cannot publish over the previously published version 1.0.1." : musejs
35 verbose stack     at CachingRegistryClient.<anonymous> (/usr/local/lib/node_modules/npm/node_modules/npm-registry-client/lib/request.js:247:14)
35 verbose stack     at Request._callback (/usr/local/lib/node_modules/npm/node_modules/npm-registry-client/lib/request.js:170:14)
35 verbose stack     at Request.self.callback (/usr/local/lib/node_modules/npm/node_modules/request/request.js:197:22)
35 verbose stack     at Request.emit (events.js:110:17)
35 verbose stack     at Request.<anonymous> (/usr/local/lib/node_modules/npm/node_modules/request/request.js:1050:14)
35 verbose stack     at Request.emit (events.js:129:20)
35 verbose stack     at IncomingMessage.<anonymous> (/usr/local/lib/node_modules/npm/node_modules/request/request.js:996:12)
35 verbose stack     at IncomingMessage.emit (events.js:129:20)
35 verbose stack     at _stream_readable.js:908:16
35 verbose stack     at process._tickCallback (node.js:355:11)
36 verbose statusCode 403
37 verbose pkgid musejs
38 verbose cwd /Users/guillaume/muse
39 error Darwin 14.3.0
40 error argv "node" "/usr/local/bin/npm" "publish" "./"
41 error node v0.12.6
42 error npm  v2.12.1
43 error code E403
44 error "You cannot publish over the previously published version 1.0.1." : musejs
45 error If you need help, you may report this error at:
45 error     <https://github.com/npm/npm/issues>
46 verbose exit [ 1, true ]
